#
# A fatal error has been detected by the Java Runtime Environment:
#
#  EXCEPTION_ACCESS_VIOLATION (0xc0000005) at pc=0x000000006d99b5e2, pid=5196, tid=432
#
# JRE version: 6.0_18-b07
# Java VM: Java HotSpot(TM) 64-Bit Server VM (16.0-b13 mixed mode windows-amd64 )
# Problematic frame:
# V  [jvm.dll+0x1ab5e2]
#
# If you would like to submit a bug report, please visit:
#   http://java.sun.com/webapps/bugreport/crash.jsp
#

---------------  T H R E A D  ---------------

Current thread (0x000000006b5fb000):  VMThread [stack: 0x000000006c050000,0x000000006c150000] [id=432]

siginfo: ExceptionCode=0xc0000005, reading address 0xffffffffffffffff

Registers:
EAX=0x00000000002e5710, EBX=0x000000006c14f850, ECX=0x000000006c14f8b8, EDX=0xffffffffffffcb1d
ESP=0x000000006c14f640, EBP=0x000000006c14f850, ESI=0x000000006d99b5c0, EDI=0x0000000000000000
EIP=0x000000006d99b5e2, EFLAGS=0x0000000000010202

Top of Stack: (sp=0x000000006c14f640)
0x000000006c14f640:   00000000058543ec 000000006dc019d5
0x000000006c14f650:   00000000057833f0 000000006db81da7
0x000000006c14f660:   000000000000006b 000000006d99b90e
0x000000006c14f670:   0000000005854349 000000006c14f850
0x000000006c14f680:   00000000057abc48 000000006d8902f0
0x000000006c14f690:   000000000575b2ca 00000000000000aa
0x000000006c14f6a0:   0000000000000022 0000000000000001
0x000000006c14f6b0:   000000006d7f0000 000000006d99e20f
0x000000006c14f6c0:   00000000000000c7 000000006b5fb000
0x000000006c14f6d0:   000000000000006b 000000006c14f850
0x000000006c14f6e0:   00000000002e59c0 0000006e0000006b
0x000000006c14f6f0:   000000c7000001e2 000000006b5fb000
0x000000006c14f700:   0000000000000000 000000006b5fb000
0x000000006c14f710:   00000000002e59a8 000000006d9a132c
0x000000006c14f720:   000000006c14f850 000000006b5fb000
0x000000006c14f730:   00000000002e55c0 0000000005854618 

Instructions: (pc=0x000000006d99b5e2)
0x000000006d99b5d2:   4c 8b c2 24 3f 49 c1 e8 06 44 0f b6 c8 48 8b 01
0x000000006d99b5e2:   4e 8b 04 c0 4d 0f a3 c8 72 0b 41 b0 01 e8 1c bf 


Stack: [0x000000006c050000,0x000000006c150000],  sp=0x000000006c14f640,  free space=3fd0000000000000000k
Native frames: (J=compiled Java code, j=interpreted, Vv=VM code, C=native code)
V  [jvm.dll+0x1ab5e2]

VM_Operation (0x000000006ccbf950): GetOrSetLocal, mode: safepoint, requested by thread 0x000000006b661800


---------------  P R O C E S S  ---------------

Java Threads: ( => current thread )
  0x000000006b6b6000 JavaThread "Thread-0" [_thread_blocked, id=6456, stack(0x000000006dea0000,0x000000006dfa0000)]
  0x000000006b6a7800 JavaThread "Low Memory Detector" daemon [_thread_blocked, id=4524, stack(0x000000006d460000,0x000000006d560000)]
  0x000000006b6a5800 JavaThread "CompilerThread1" daemon [_thread_blocked, id=2816, stack(0x000000006d120000,0x000000006d220000)]
  0x000000006b6a2000 JavaThread "CompilerThread0" daemon [_thread_blocked, id=6448, stack(0x000000006d020000,0x000000006d120000)]
  0x000000006b66e800 JavaThread "JDWP Command Reader" daemon [_thread_in_native, id=5984, stack(0x000000006cf20000,0x000000006d020000)]
  0x000000006b66d800 JavaThread "JDWP Event Helper Thread" daemon [_thread_blocked, id=1552, stack(0x000000006cd60000,0x000000006ce60000)]
  0x000000006b661800 JavaThread "JDWP Transport Listener: dt_socket" daemon [_thread_blocked, id=6420, stack(0x000000006cbc0000,0x000000006ccc0000)]
  0x000000006b65b800 JavaThread "Attach Listener" daemon [_thread_blocked, id=5100, stack(0x000000006c450000,0x000000006c550000)]
  0x000000006b65a800 JavaThread "Signal Dispatcher" daemon [_thread_blocked, id=6164, stack(0x000000006c350000,0x000000006c450000)]
  0x000000006b607000 JavaThread "Finalizer" daemon [_thread_blocked, id=7100, stack(0x000000006c250000,0x000000006c350000)]
  0x000000006b600800 JavaThread "Reference Handler" daemon [_thread_blocked, id=6680, stack(0x000000006c150000,0x000000006c250000)]
  0x000000000025c000 JavaThread "main" [_thread_blocked, id=1728, stack(0x0000000002350000,0x0000000002450000)]

Other Threads:
=>0x000000006b5fb000 VMThread [stack: 0x000000006c050000,0x000000006c150000] [id=432]
  0x000000006b6ae800 WatcherThread [stack: 0x000000006d640000,0x000000006d740000] [id=2748]

VM state:at safepoint (normal execution)

VM Mutex/Monitor currently owned by a thread:  ([mutex/lock_event])
[0x000000000025a4c0] Threads_lock - owner thread: 0x000000006b5fb000

Heap
 PSYoungGen      total 28672K, used 1478K [0x000000004a7c0000, 0x000000004c7b0000, 0x000000006a710000)
  eden space 24640K, 6% used [0x000000004a7c0000,0x000000004a9319e8,0x000000004bfd0000)
  from space 4032K, 0% used [0x000000004c3c0000,0x000000004c3c0000,0x000000004c7b0000)
  to   space 4032K, 0% used [0x000000004bfd0000,0x000000004bfd0000,0x000000004c3c0000)
 PSOldGen        total 65472K, used 0K [0x000000000a910000, 0x000000000e900000, 0x000000004a7c0000)
  object space 65472K, 0% used [0x000000000a910000,0x000000000a910000,0x000000000e900000)
 PSPermGen       total 21248K, used 3363K [0x0000000005510000, 0x00000000069d0000, 0x000000000a910000)
  object space 21248K, 15% used [0x0000000005510000,0x0000000005858d00,0x00000000069d0000)

Dynamic libraries:
0x0000000000400000 - 0x000000000042e000 	C:\Program Files\Java\jre6\bin\javaw.exe
0x0000000077210000 - 0x00000000773bc000 	C:\Windows\SYSTEM32\ntdll.dll
0x00000000770f0000 - 0x000000007720f000 	C:\Windows\system32\kernel32.dll
0x000007fefd220000 - 0x000007fefd28b000 	C:\Windows\system32\KERNELBASE.dll
0x000007fefd5c0000 - 0x000007fefd69b000 	C:\Windows\system32\ADVAPI32.dll
0x000007fefe540000 - 0x000007fefe5df000 	C:\Windows\system32\msvcrt.dll
0x000007fefe5f0000 - 0x000007fefe60f000 	C:\Windows\SYSTEM32\sechost.dll
0x000007fefecf0000 - 0x000007fefee1e000 	C:\Windows\system32\RPCRT4.dll
0x0000000076ff0000 - 0x00000000770ea000 	C:\Windows\system32\USER32.dll
0x000007feff000000 - 0x000007feff067000 	C:\Windows\system32\GDI32.dll
0x000007fefe610000 - 0x000007fefe61e000 	C:\Windows\system32\LPK.dll
0x000007fefec20000 - 0x000007fefecea000 	C:\Windows\system32\USP10.dll
0x000007fefe430000 - 0x000007fefe45e000 	C:\Windows\system32\IMM32.DLL
0x000007feff070000 - 0x000007feff179000 	C:\Windows\system32\MSCTF.dll
0x000000006d7f0000 - 0x000000006de95000 	C:\Program Files\Java\jre6\bin\server\jvm.dll
0x000007fefa310000 - 0x000007fefa34b000 	C:\Windows\system32\WINMM.dll
0x000000006d760000 - 0x000000006d76e000 	C:\Program Files\Java\jre6\bin\verify.dll
0x000000006d3b0000 - 0x000000006d3d7000 	C:\Program Files\Java\jre6\bin\java.dll
0x000000006d310000 - 0x000000006d31a000 	C:\Program Files\Java\jre6\bin\hpi.dll
0x00000000773d0000 - 0x00000000773d7000 	C:\Windows\system32\PSAPI.DLL
0x000000006d420000 - 0x000000006d454000 	C:\Program Files\Java\jre6\bin\jdwp.dll
0x000000006d630000 - 0x000000006d638000 	C:\Program Files\Java\jre6\bin\npt.dll
0x000000006d7b0000 - 0x000000006d7c2000 	C:\Program Files\Java\jre6\bin\zip.dll
0x000000006d270000 - 0x000000006d279000 	C:\Program Files\Java\jre6\bin\dt_socket.dll
0x000007feff4d0000 - 0x000007feff51d000 	C:\Windows\system32\WS2_32.dll
0x000007fefe5e0000 - 0x000007fefe5e8000 	C:\Windows\system32\NSI.dll
0x000007fefa350000 - 0x000007fefa365000 	C:\Windows\system32\NLAapi.dll
0x000007fefc9e0000 - 0x000007fefca34000 	C:\Windows\System32\mswsock.dll
0x000007fefc860000 - 0x000007fefc8bb000 	C:\Windows\system32\DNSAPI.dll
0x000007fef8e10000 - 0x000007fef8e1b000 	C:\Windows\System32\winrnr.dll
0x000007fef8df0000 - 0x000007fef8e05000 	C:\Windows\system32\napinsp.dll
0x000007fef8dd0000 - 0x000007fef8de9000 	C:\Windows\system32\pnrpnsp.dll
0x000007fef8da0000 - 0x000007fef8dce000 	C:\Program Files\Common Files\Microsoft Shared\Windows Live\WLIDNSP.DLL
0x000007fefd540000 - 0x000007fefd5b1000 	C:\Windows\system32\SHLWAPI.dll
0x0000000072040000 - 0x0000000072075000 	C:\Program Files\Bonjour\mdnsNSP.dll
0x000007fef9f70000 - 0x000007fef9f97000 	C:\Windows\system32\Iphlpapi.DLL
0x000007fef9f50000 - 0x000007fef9f5b000 	C:\Windows\system32\WINNSI.DLL
0x000007fefa900000 - 0x000007fefa953000 	C:\Windows\System32\fwpuclnt.dll
0x000007fef8d90000 - 0x000007fef8d98000 	C:\Windows\system32\rasadhlp.dll
0x000007fefc360000 - 0x000007fefc367000 	C:\Windows\System32\wshtcpip.dll
0x000000006d600000 - 0x000000006d617000 	C:\Program Files\Java\jre6\bin\net.dll
0x000007fefc9d0000 - 0x000007fefc9d7000 	C:\Windows\System32\wship6.dll

VM Arguments:
jvm_args: -agentlib:jdwp=transport=dt_socket,suspend=y,address=localhost:53311 -Dfile.encoding=Cp1252 
java_command: hw25.TinyHttpd4
Launcher Type: SUN_STANDARD

Environment Variables:
JAVA_HOME=C:\Program Files\Java\jdk1.6.0_18
CLASSPATH=.;C:\Program Files (x86)\Java\jre6\lib\ext\QTJava.zip
PATH=C:\Program Files\Common Files\Microsoft Shared\Windows Live;C:\Program Files (x86)\Common Files\Microsoft Shared\Windows Live;C:\Windows\system32;C:\Windows;C:\Windows\System32\Wbem;C:\Program Files (x86)\ATI Technologies\ATI.ACE\Core-Static;C:\Windows\System32\WindowsPowerShell\v1.0\;c:\Program Files (x86)\Microsoft SQL Server\90\Tools\binn\;c:\Program Files (x86)\Microsoft SQL Server\100\Tools\Binn\;c:\Program Files\Microsoft SQL Server\100\Tools\Binn\;c:\Program Files\Microsoft SQL Server\100\DTS\Binn\;C:\Program Files (x86)\Microsoft SQL Server\100\Tools\Binn\VSShell\Common7\IDE\;C:\Program Files (x86)\Microsoft SQL Server\100\DTS\Binn\;C:\Program Files (x86)\Microsoft Visual Studio 9.0\Common7\IDE\PrivateAssemblies\;c:\ant\bin\;C:\Program Files\Java\jdk1.6.0_18\lib\;C:\Program Files\MySQL\MySQL Server 5.1\bin;C:\Program Files (x86)\Windows Live\Shared;C:\Program Files (x86)\QuickTime\QTSystem\;C:\Program Files\Microsoft Network Monitor 3\
USERNAME=jadd
OS=Windows_NT
PROCESSOR_IDENTIFIER=Intel64 Family 6 Model 26 Stepping 5, GenuineIntel



---------------  S Y S T E M  ---------------

OS: Windows 7 Build 7600 

CPU:total 8 (8 cores per cpu, 2 threads per core) family 6 model 26 stepping 5, cmov, cx8, fxsr, mmx, sse, sse2, sse3, ssse3, sse4.1, sse4.2, popcnt, ht

Memory: 4k page, physical 6282424k(3496032k free), swap 12562952k(9026964k free)

vm_info: Java HotSpot(TM) 64-Bit Server VM (16.0-b13) for windows-amd64 JRE (1.6.0_18-b07), built on Dec 17 2009 13:24:11 by "java_re" with MS VC++ 8.0 (VS2005)

time: Sat Apr 30 20:30:22 2011
elapsed time: 315 seconds

